2014/04/13 22:20:59 [error] [exception.CDbException] exception 'CDbException' with message 'CDbConnection failed to open the DB connection: could not find driver' in /home/abi/Downloads/yii-1.1.14.f0fee9/framework/db/CDbConnection.php:382
Stack trace:
#0 /home/abi/Downloads/yii-1.1.14.f0fee9/framework/db/CDbConnection.php(330): CDbConnection->open()
#1 /home/abi/Downloads/yii-1.1.14.f0fee9/framework/db/CDbConnection.php(308): CDbConnection->setActive(true)
#2 /home/abi/Downloads/yii-1.1.14.f0fee9/framework/base/CModule.php(387): CDbConnection->init()
#3 /home/abi/Downloads/yii-1.1.14.f0fee9/framework/base/CModule.php(103): CModule->getComponent('db')
#4 /home/abi/Downloads/yii-1.1.14.f0fee9/framework/gii/generators/model/ModelCode.php(60): CModule->__get('db')
#5 /home/abi/Downloads/yii-1.1.14.f0fee9/framework/web/CFormModel.php(39): ModelCode->init()
#6 /home/abi/Downloads/yii-1.1.14.f0fee9/framework/gii/CCodeGenerator.php(153): CFormModel->__construct()
#7 /home/abi/Downloads/yii-1.1.14.f0fee9/framework/gii/CCodeGenerator.php(63): CCodeGenerator->prepare()
#8 /home/abi/Downloads/yii-1.1.14.f0fee9/framework/web/actions/CInlineAction.php(49): CCodeGenerator->actionIndex()
#9 /home/abi/Downloads/yii-1.1.14.f0fee9/framework/web/CController.php(308): CInlineAction->runWithParams(Array)
#10 /home/abi/Downloads/yii-1.1.14.f0fee9/framework/web/CController.php(286): CController->runAction(Object(CInlineAction))
#11 /home/abi/Downloads/yii-1.1.14.f0fee9/framework/web/CController.php(265): CController->runActionWithFilters(Object(CInlineAction), Array)
#12 /home/abi/Downloads/yii-1.1.14.f0fee9/framework/web/CWebApplication.php(282): CController->run('index')
#13 /home/abi/Downloads/yii-1.1.14.f0fee9/framework/web/CWebApplication.php(141): CWebApplication->runController('gii/model/index')
#14 /home/abi/Downloads/yii-1.1.14.f0fee9/framework/base/CApplication.php(180): CWebApplication->processRequest()
#15 /var/www/addispost/index.php(13): CApplication->run()
#16 {main}
REQUEST_URI=/addispost/index.php?r=gii/model/index
HTTP_REFERER=http://127.1.1.1/addispost/index.php?r=gii/default/index
---
